DEBUG   |161204 17:46:04|Fetching filter data from database
DEBUG   |161204 17:46:04|Loading filters
DEBUG   |161204 17:46:04|-- Loading filter Directories
DEBUG   |161204 17:46:04|-- Loading filter Extradirs
DEBUG   |161204 17:46:04|-- Loading filter Files
DEBUG   |161204 17:46:04|-- Loading filter Incremental
DEBUG   |161204 17:46:04|-- Loading filter Multidb
DEBUG   |161204 17:46:04|-- Loading filter Regexdirectories
DEBUG   |161204 17:46:04|-- Loading filter Regexfiles
DEBUG   |161204 17:46:04|-- Loading filter Regexskipdirs
DEBUG   |161204 17:46:04|-- Loading filter Regexskipfiles
DEBUG   |161204 17:46:04|-- Loading filter Regextabledata
DEBUG   |161204 17:46:04|-- Loading filter Regextables
DEBUG   |161204 17:46:04|-- Loading filter Skipdirs
DEBUG   |161204 17:46:04|-- Loading filter Skipfiles
DEBUG   |161204 17:46:04|-- Loading filter Tabledata
DEBUG   |161204 17:46:04|-- Loading filter Tables
DEBUG   |161204 17:46:04|-- Loading filter Cvsfolders
DEBUG   |161204 17:46:04|-- Loading filter Excludefiles
DEBUG   |161204 17:46:04|-- Loading filter Excludefolders
DEBUG   |161204 17:46:04|-- Loading filter Excludetabledata
DEBUG   |161204 17:46:04|-- Loading filter Joomlaskipdirs
DEBUG   |161204 17:46:04|-- Loading filter Joomlaskipfiles
DEBUG   |161204 17:46:04|-- Loading filter Libraries
DEBUG   |161204 17:46:04|-- Loading filter Sitedb
DEBUG   |161204 17:46:04|-- Loading filter Siteroot
DEBUG   |161204 17:46:04|-- Loading filter Systemcachefiles
DEBUG   |161204 17:46:04|Loading optional filters
DEBUG   |161204 17:46:04|-- Loading optional filter Stack\StackErrorlogs
DEBUG   |161204 17:46:04|-- Loading optional filter Stack\StackHoststats
DEBUG   |161204 17:46:04|-- Loading optional filter Stack\StackFinder
DEBUG   |161204 17:46:04|-- Loading optional filter Stack\StackMyjoomla
